<?xml version="1.0" encoding="UTF-8"?>
<!-- Generated by org.testng.reporters.JUnitReportReporter -->
<testsuite hostname="DESKTOP-6HLU94O" failures="0" tests="2" name="com.TestNG.AnotacionesBase" time="0.010" errors="0" timestamp="2024-01-26T11:49:27 ART" skipped="0">
  <testcase classname="com.TestNG.AnotacionesBase" name="pruebaUno" time="0.002"/>
  <testcase classname="com.TestNG.AnotacionesBase" name="pruebaDos" time="0.008"/>
</testsuite> <!-- com.TestNG.AnotacionesBase -->
