<?xml version="1.0" encoding="UTF-8"?>
<!-- Generated by org.testng.reporters.JUnitReportReporter -->
<testsuite hostname="DESKTOP-6HLU94O" failures="0" tests="2" name="com.TestNG.SegundoTest" time="0.004" errors="0" timestamp="2024-01-26T11:49:27 ART" skipped="0">
  <testcase classname="com.TestNG.SegundoTest" name="pruebaCuatro" time="0.002"/>
  <testcase classname="com.TestNG.SegundoTest" name="pruebaTres" time="0.002"/>
</testsuite> <!-- com.TestNG.SegundoTest -->
